[Thu Jun 11 10:09:58.862 2009] 0.024 sec [all/2/rel 0 (0,20)] [*] lodn*
[Thu Jun 11 10:10:00.068 2009] 0.002 sec [all/2/rel 4 (0,20)] [*] lo*
[Thu Jun 11 10:10:00.721 2009] 0.000 sec [all/2/rel 1 (0,20)] [*] lon*
[Thu Jun 11 10:10:03.628 2009] 0.000 sec [all/2/rel 0 (0,20)] [*] aa*
[Thu Jun 11 10:10:06.535 2009] 0.000 sec [all/2/rel 0 (0,20)] [*] pa*
[Thu Jun 11 10:10:06.984 2009] 0.000 sec [all/2/rel 1 (0,20)] [*] par*
[Thu Jun 11 10:18:24.457 2009] 0.000 sec [all/2/rel 80 (0,20)] [*] london*
[Thu Jun 11 10:21:36.355 2009] 0.000 sec [all/2/rel 2 (0,20)] [*] a*
[Thu Jun 11 10:21:38.540 2009] 0.000 sec [all/2/rel 1 (0,20)] [*] d*
[Thu Jun 11 10:30:23.396 2009] 0.000 sec [all/2/rel 1 (0,20)] [*] f*
[Thu Jun 11 10:30:26.715 2009] 0.000 sec [all/2/rel 223 (0,20)] [*] s*
[Thu Jun 11 11:26:29.578 2009] 0.000 sec [all/2/rel 0 (0,20)] [*] donlon*
[Thu Jun 11 11:26:40.243 2009] 0.000 sec [all/2/rel 1 (0,20)] [*] paris*
[Thu Jun 11 11:45:05.589 2009] 0.017 sec [all/2/rel 0 (0,20)] [*] asdasdasd*
[Thu Jun 11 11:45:07.849 2009] 0.000 sec [all/2/rel 0 (0,20)] [*] asdasdasddad*
[Thu Jun 11 11:45:23.391 2009] 0.000 sec [all/2/rel 0 (0,20)] [*] asdasd*
[Thu Jun 11 11:47:34.744 2009] 0.001 sec [all/2/rel 0 (0,20)] [*] asdasdasda*
[Thu Jun 11 11:47:58.314 2009] 0.000 sec [all/2/rel 0 (0,20)] [*] asdasdasdasd*
[Thu Jun 11 11:48:07.424 2009] 0.000 sec [all/2/rel 0 (0,20)] [*] apis*
[Thu Jun 11 11:48:09.369 2009] 0.000 sec [all/2/rel 0 (0,20)] [*] p*
[Thu Jun 11 11:49:36.109 2009] 0.000 sec [all/2/rel 0 (0,20)] [*] asdasdas*
[Thu Jun 11 11:49:41.787 2009] 0.000 sec [all/2/rel 0 (0,20)] [*] pas*
[Thu Jun 11 11:50:04.601 2009] 0.000 sec [all/2/rel 0 (0,20)] [*] ad*
[Thu Jun 11 14:29:55.862 2009] 0.000 sec [all/2/rel 0 (0,20)] [*] lal*
[Thu Jun 11 14:29:57.282 2009] 0.012 sec [all/2/rel 903 (0,20)] [*] la*
[Fri Jun 12 08:42:38.402 2009] 0.000 sec [all/2/rel 0 (0,20)] [*] o*
[Fri Jun 12 08:42:39.026 2009] 0.000 sec [all/2/rel 0 (0,20)] [*] oa*
